$ ./select_model.py \
> --train-data data/tcga_brca_gex_data.csv \
> --train-meta data/tcga_brca_gex_meta.csv \
> --pipe-steps ShiftedLog2Transformer VarianceThreshold SelectKBest-ANOVAFScorer StandardScaler SymbolicClassifier \
> --slr-skb-k-min 1 \
> --slr-skb-k-max 100 \
> --slr-skb-k-step 2 \
> --clf-sym-fs add,sub \
> --test-folds 5 \
> --cv-folds 5 \
> --parallel-backend multiprocessing \
> --n-jobs -2 \
> --pipe-memory
GridSearchCV:
{'cv': StratifiedKFold(n_splits=5, random_state=777, shuffle=True),
 'error_score': 0,
 'estimator': {'memory': Memory(location=/tmp/tmp9lwvlk92/joblib),
               'steps': [('trf0',
                          FunctionTransformer(accept_sparse=False, check_inverse=False,
                    func=<function shifted_log2 at 0x7f9f7a897730>,
                    inv_kw_args=None, inverse_func=None, kw_args=None,
                    pass_y='deprecated', validate=True)),
                         ('slr1', VarianceThreshold(threshold=0.0)),
                         ('slr2',
                          SelectKBest(k=10, score_func=<function f_classif at 0x7f9f7ae8a840>)),
                         ('trf3',
                          StandardScaler(copy=True, with_mean=True, with_std=True)),
                         ('clf4',
                          SymbolicClassifier(const_range=(-1.0, 1.0), feature_names=None,
                   function_set=['add', 'sub'], generations=20,
                   init_depth=(2, 6), init_method='half and half',
                   low_memory=False, max_samples=1.0, metric='log loss',
                   n_jobs=1, p_crossover=0.9, p_hoist_mutation=0.01,
                   p_point_mutation=0.01, p_point_replace=0.05,
                   p_subtree_mutation=0.01, parsimony_coefficient='auto',
                   population_size=1000, random_state=777,
                   stopping_criteria=0.01, tournament_size=20,
                   transformer='sigmoid', verbose=0, warm_start=False))],
               'verbose': False},
 'iid': False,
 'n_jobs': -2,
 'param_grid': [{'slr2__k': [1,
                             2,
                             4,
                             6,
                             8,
                             10,
                             12,
                             14,
                             16,
                             18,
                             20,
                             22,
                             24,
                             26,
                             28,
                             30,
                             32,
                             34,
                             36,
                             38,
                             40,
                             42,
                             44,
                             46,
                             48,
                             50,
                             52,
                             54,
                             56,
                             58,
                             60,
                             62,
                             64,
                             66,
                             68,
                             70,
                             72,
                             74,
                             76,
                             78,
                             80,
                             82,
                             84,
                             86,
                             88,
                             90,
                             92,
                             94,
                             96,
                             98,
                             100]}],
 'pre_dispatch': '2*n_jobs',
 'refit': 'roc_auc',
 'return_train_score': False,
 'scoring': ['roc_auc', 'balanced_accuracy', 'average_precision'],
 'verbose': 1}
Dataset: tcga_brca_gex_data (974, 60483)
Fitting 5 folds for each of 51 candidates, totalling 255 fits
[Parallel(n_jobs=-2)]: Using backend MultiprocessingBackend with 15 concurrent workers.
[Parallel(n_jobs=-2)]: Done  20 tasks      | elapsed:  1.1min
[Parallel(n_jobs=-2)]: Done 170 tasks      | elapsed:  5.1min
[Parallel(n_jobs=-2)]: Done 255 out of 255 | elapsed:  7.5min finished
Dataset: tcga_brca_gex_data  Split: 1  ROC AUC (CV / Test): 0.9492 / 0.9224  BCR (CV / Test): 0.8368 / 0.8587  AVG PRE (CV / Test): 0.9851 / 0.9707  PR AUC Test: 0.9705  Params: {'slr2__k': 80}  Program: sub(add(sub(sub(sub(sub(X1, X24), X36), -0.980), -0.980), add(sub(add(sub(sub(sub(X1, sub(sub(X1, X79), -0.980)), X59), -0.980), sub(X1, X79)), -0.980), sub(X1, -0.152))), sub(X1, -0.152))
Features:
                    Symbol
------------------  ---------
ENSG00000012822.14  CALCOCO1
ENSG00000039068.17  CDH1
ENSG00000053702.13  NRIP2
ENSG00000079337.14  RAPGEF3
ENSG00000090006.16  LTBP4
ENSG00000099622.12  CIRBP
ENSG00000100307.11  CBX7
ENSG00000100650.14  SRSF5
ENSG00000105227.13  PRX
ENSG00000105373.17  NOP53
ENSG00000111077.16  TNS2
ENSG00000112936.17  C7
ENSG00000115233.10  PSMD14
ENSG00000117245.11  KIF17
ENSG00000119688.19  ABCD4
ENSG00000126218.10  F10
ENSG00000126895.12  AVPR2
ENSG00000127528.5   KLF2
ENSG00000129467.12  ADCY4
ENSG00000130304.15  SLC27A1
ENSG00000130307.10  USHBP1
ENSG00000132622.9   HSPA12B
ENSG00000135424.14  ITGA7
ENSG00000136059.13  VILL
ENSG00000136546.12  SCN7A
ENSG00000137070.16  IL11RA
ENSG00000144381.15  HSPD1
ENSG00000144504.14  ANKMY1
ENSG00000149451.16  ADAM33
ENSG00000154263.16  ABCA10
ENSG00000154330.11  PGM5
ENSG00000159388.5   BTG2
ENSG00000161835.9   GRASP
ENSG00000162367.10  TAL1
ENSG00000162383.10  SLC1A7
ENSG00000163239.11  TDRD10
ENSG00000164403.13  SHROOM1
ENSG00000164736.5   SOX17
ENSG00000164849.8   GPR146
ENSG00000165424.6   ZCCHC24
ENSG00000165810.15  BTNL9
ENSG00000166482.10  MFAP4
ENSG00000167874.6   TMEM88
ENSG00000168497.4   CAVIN2
ENSG00000168874.11  ATOH8
ENSG00000177133.9   LINC00982
ENSG00000177363.4   LRRN4CL
ENSG00000180660.7   MAB21L1
ENSG00000180902.15  D2HGDH
ENSG00000181234.9   TMEM132C
ENSG00000182397.13  DNM1P46
ENSG00000184113.9   CLDN5
ENSG00000186642.14  PDE2A
ENSG00000186994.10  KANK3
ENSG00000187800.12  PEAR1
ENSG00000189129.12  PLAC9
ENSG00000189409.11  MMP23B
ENSG00000197245.4   FAM110D
ENSG00000198944.5   SOWAHA
ENSG00000199161.1   MIR126
ENSG00000213088.8   ACKR1
ENSG00000214548.13  MEG3
ENSG00000225398.2   PGM5P4
ENSG00000225670.4   CADM3-AS1
ENSG00000228401.4   HSPC324
ENSG00000241404.5   EGFL8
ENSG00000241644.2   INMT
ENSG00000257270.1
ENSG00000262115.1
ENSG00000266964.4   FXYD1
ENSG00000267206.4   LCN6
ENSG00000267281.2
ENSG00000269113.3   TRABD2B
ENSG00000269936.3   MIR145
ENSG00000273729.1
ENSG00000275152.3   CCL16
ENSG00000276409.3   CCL14
ENSG00000277494.1   GPIHBP1
ENSG00000280239.1
ENSG00000280339.1
Fitting 5 folds for each of 51 candidates, totalling 255 fits
[Parallel(n_jobs=-2)]: Using backend MultiprocessingBackend with 15 concurrent workers.
[Parallel(n_jobs=-2)]: Done  20 tasks      | elapsed:  1.1min
[Parallel(n_jobs=-2)]: Done 170 tasks      | elapsed:  5.2min
[Parallel(n_jobs=-2)]: Done 255 out of 255 | elapsed:  7.3min finished
Dataset: tcga_brca_gex_data  Split: 2  ROC AUC (CV / Test): 0.9330 / 0.9495  BCR (CV / Test): 0.8460 / 0.8431  AVG PRE (CV / Test): 0.9775 / 0.9859  PR AUC Test: 0.9858  Params: {'slr2__k': 10}  Program: add(sub(add(0.941, X0), add(X2, -0.904)), sub(add(0.972, X0), X1))
Features:
                    Symbol
------------------  --------
ENSG00000039068.17  CDH1
ENSG00000079337.14  RAPGEF3
ENSG00000090006.16  LTBP4
ENSG00000126895.12  AVPR2
ENSG00000129467.12  ADCY4
ENSG00000130307.10  USHBP1
ENSG00000149451.16  ADAM33
ENSG00000186994.10  KANK3
ENSG00000267206.4   LCN6
ENSG00000277494.1   GPIHBP1
Fitting 5 folds for each of 51 candidates, totalling 255 fits
[Parallel(n_jobs=-2)]: Using backend MultiprocessingBackend with 15 concurrent workers.
[Parallel(n_jobs=-2)]: Done  20 tasks      | elapsed:  1.1min
[Parallel(n_jobs=-2)]: Done 170 tasks      | elapsed:  5.2min
[Parallel(n_jobs=-2)]: Done 255 out of 255 | elapsed:  7.4min finished
Dataset: tcga_brca_gex_data  Split: 3  ROC AUC (CV / Test): 0.9364 / 0.9374  BCR (CV / Test): 0.8446 / 0.8770  AVG PRE (CV / Test): 0.9814 / 0.9711  PR AUC Test: 0.9706  Params: {'slr2__k': 94}  Program: add(0.609, add(add(0.468, add(add(add(X38, add(sub(0.609, X19), X2)), sub(sub(0.609, X37), X52)), X2)), sub(0.609, X38)))
Features:
                    Symbol
------------------  ----------
ENSG00000003756.15  RBM5
ENSG00000012822.14  CALCOCO1
ENSG00000039068.17  CDH1
ENSG00000053702.13  NRIP2
ENSG00000079337.14  RAPGEF3
ENSG00000090006.16  LTBP4
ENSG00000099622.12  CIRBP
ENSG00000100307.11  CBX7
ENSG00000100650.14  SRSF5
ENSG00000101331.14  CCM2L
ENSG00000111077.16  TNS2
ENSG00000112936.17  C7
ENSG00000115233.10  PSMD14
ENSG00000117245.11  KIF17
ENSG00000126218.10  F10
ENSG00000126895.12  AVPR2
ENSG00000127528.5   KLF2
ENSG00000129467.12  ADCY4
ENSG00000130304.15  SLC27A1
ENSG00000130307.10  USHBP1
ENSG00000132622.9   HSPA12B
ENSG00000135424.14  ITGA7
ENSG00000136059.13  VILL
ENSG00000136546.12  SCN7A
ENSG00000137070.16  IL11RA
ENSG00000144504.14  ANKMY1
ENSG00000146067.14  FAM193B
ENSG00000149451.16  ADAM33
ENSG00000151650.7   VENTX
ENSG00000154263.16  ABCA10
ENSG00000156298.11  TSPAN7
ENSG00000159388.5   BTG2
ENSG00000161835.9   GRASP
ENSG00000162367.10  TAL1
ENSG00000162383.10  SLC1A7
ENSG00000163093.10  BBS5
ENSG00000163239.11  TDRD10
ENSG00000164403.13  SHROOM1
ENSG00000164736.5   SOX17
ENSG00000164849.8   GPR146
ENSG00000165424.6   ZCCHC24
ENSG00000165810.15  BTNL9
ENSG00000166482.10  MFAP4
ENSG00000167178.14  ISLR2
ENSG00000167874.6   TMEM88
ENSG00000168497.4   CAVIN2
ENSG00000168874.11  ATOH8
ENSG00000177098.7   SCN4B
ENSG00000177133.9   LINC00982
ENSG00000177363.4   LRRN4CL
ENSG00000177374.11  HIC1
ENSG00000177666.14  PNPLA2
ENSG00000179094.12  PER1
ENSG00000179388.8   EGR3
ENSG00000180902.15  D2HGDH
ENSG00000184113.9   CLDN5
ENSG00000186642.14  PDE2A
ENSG00000186994.10  KANK3
ENSG00000187800.12  PEAR1
ENSG00000189129.12  PLAC9
ENSG00000189409.11  MMP23B
ENSG00000197245.4   FAM110D
ENSG00000198844.9   ARHGEF15
ENSG00000198944.5   SOWAHA
ENSG00000199161.1   MIR126
ENSG00000204301.6   NOTCH4
ENSG00000204403.8   CASP12
ENSG00000205959.3
ENSG00000213088.8   ACKR1
ENSG00000213316.8   LTC4S
ENSG00000214548.13  MEG3
ENSG00000214787.7   MS4A4E
ENSG00000225670.4   CADM3-AS1
ENSG00000225892.3
ENSG00000228401.4   HSPC324
ENSG00000235016.1   SEMA3F-AS1
ENSG00000237797.1
ENSG00000241014.1   LOC653160
ENSG00000241644.2   INMT
ENSG00000262115.1
ENSG00000266714.5   MYO15B
ENSG00000266964.4   FXYD1
ENSG00000267206.4   LCN6
ENSG00000267281.2
ENSG00000269113.3   TRABD2B
ENSG00000269936.3   MIR145
ENSG00000272161.1
ENSG00000273137.1
ENSG00000273729.1
ENSG00000275152.3   CCL16
ENSG00000276409.3   CCL14
ENSG00000277494.1   GPIHBP1
ENSG00000279716.1
ENSG00000280239.1
Fitting 5 folds for each of 51 candidates, totalling 255 fits
[Parallel(n_jobs=-2)]: Using backend MultiprocessingBackend with 15 concurrent workers.
[Parallel(n_jobs=-2)]: Done  20 tasks      | elapsed:  1.2min
[Parallel(n_jobs=-2)]: Done 170 tasks      | elapsed:  5.2min
[Parallel(n_jobs=-2)]: Done 255 out of 255 | elapsed:  7.5min finished
Dataset: tcga_brca_gex_data  Split: 4  ROC AUC (CV / Test): 0.9483 / 0.9289  BCR (CV / Test): 0.8695 / 0.8305  AVG PRE (CV / Test): 0.9825 / 0.9787  PR AUC Test: 0.9786  Params: {'slr2__k': 88}  Program: sub(sub(sub(sub(sub(sub(sub(sub(sub(sub(sub(0.608, sub(sub(X80, X3), X3)), -0.325), -0.325), -0.325), -0.325), -0.325), 0.608), -0.325), -0.325), -0.325), X38)
Features:
                    Symbol
------------------  ---------
ENSG00000003756.15  RBM5
ENSG00000012822.14  CALCOCO1
ENSG00000017427.14  IGF1
ENSG00000039068.17  CDH1
ENSG00000053702.13  NRIP2
ENSG00000079337.14  RAPGEF3
ENSG00000090006.16  LTBP4
ENSG00000099622.12  CIRBP
ENSG00000100307.11  CBX7
ENSG00000100650.14  SRSF5
ENSG00000101331.14  CCM2L
ENSG00000105227.13  PRX
ENSG00000105373.17  NOP53
ENSG00000111077.16  TNS2
ENSG00000115233.10  PSMD14
ENSG00000119688.19  ABCD4
ENSG00000126218.10  F10
ENSG00000126895.12  AVPR2
ENSG00000127415.11  IDUA
ENSG00000127528.5   KLF2
ENSG00000129467.12  ADCY4
ENSG00000130304.15  SLC27A1
ENSG00000130307.10  USHBP1
ENSG00000132622.9   HSPA12B
ENSG00000135424.14  ITGA7
ENSG00000136059.13  VILL
ENSG00000139631.17  CSAD
ENSG00000144381.15  HSPD1
ENSG00000146067.14  FAM193B
ENSG00000149451.16  ADAM33
ENSG00000151650.7   VENTX
ENSG00000154263.16  ABCA10
ENSG00000159388.5   BTG2
ENSG00000161835.9   GRASP
ENSG00000162367.10  TAL1
ENSG00000162383.10  SLC1A7
ENSG00000163093.10  BBS5
ENSG00000163239.11  TDRD10
ENSG00000164403.13  SHROOM1
ENSG00000164406.7   LEAP2
ENSG00000164736.5   SOX17
ENSG00000164849.8   GPR146
ENSG00000165810.15  BTNL9
ENSG00000166482.10  MFAP4
ENSG00000167178.14  ISLR2
ENSG00000167874.6   TMEM88
ENSG00000168439.15  STIP1
ENSG00000168497.4   CAVIN2
ENSG00000171101.12  SIGLEC17P
ENSG00000177133.9   LINC00982
ENSG00000177363.4   LRRN4CL
ENSG00000177666.14  PNPLA2
ENSG00000180902.15  D2HGDH
ENSG00000182481.7   KPNA2
ENSG00000184113.9   CLDN5
ENSG00000186642.14  PDE2A
ENSG00000186994.10  KANK3
ENSG00000187800.12  PEAR1
ENSG00000189129.12  PLAC9
ENSG00000189409.11  MMP23B
ENSG00000197119.11  SLC25A29
ENSG00000197245.4   FAM110D
ENSG00000198944.5   SOWAHA
ENSG00000199161.1   MIR126
ENSG00000212694.7   LINC01089
ENSG00000213088.8   ACKR1
ENSG00000213316.8   LTC4S
ENSG00000214548.13  MEG3
ENSG00000225670.4   CADM3-AS1
ENSG00000225892.3
ENSG00000228401.4   HSPC324
ENSG00000241644.2   INMT
ENSG00000255587.6   RAB44
ENSG00000257270.1
ENSG00000262115.1
ENSG00000266714.5   MYO15B
ENSG00000266964.4   FXYD1
ENSG00000267206.4   LCN6
ENSG00000267281.2
ENSG00000269113.3   TRABD2B
ENSG00000269936.3   MIR145
ENSG00000272161.1
ENSG00000273729.1
ENSG00000275152.3   CCL16
ENSG00000276409.3   CCL14
ENSG00000277494.1   GPIHBP1
ENSG00000280239.1
ENSG00000280339.1
Fitting 5 folds for each of 51 candidates, totalling 255 fits
[Parallel(n_jobs=-2)]: Using backend MultiprocessingBackend with 15 concurrent workers.
[Parallel(n_jobs=-2)]: Done  20 tasks      | elapsed:  1.1min
[Parallel(n_jobs=-2)]: Done 170 tasks      | elapsed:  5.1min
[Parallel(n_jobs=-2)]: Done 255 out of 255 | elapsed:  7.3min finished
Dataset: tcga_brca_gex_data  Split: 5  ROC AUC (CV / Test): 0.9459 / 0.9417  BCR (CV / Test): 0.8620 / 0.8485  AVG PRE (CV / Test): 0.9831 / 0.9848  PR AUC Test: 0.9847  Params: {'slr2__k': 72}  Program: add(add(X11, add(add(add(add(sub(X1, X70), 0.601), 0.601), 0.601), 0.601)), sub(X1, X31))
Features:
                    Symbol
------------------  ------------
ENSG00000012822.14  CALCOCO1
ENSG00000039068.17  CDH1
ENSG00000053702.13  NRIP2
ENSG00000079337.14  RAPGEF3
ENSG00000090006.16  LTBP4
ENSG00000099622.12  CIRBP
ENSG00000100307.11  CBX7
ENSG00000105227.13  PRX
ENSG00000105373.17  NOP53
ENSG00000111077.16  TNS2
ENSG00000112936.17  C7
ENSG00000115233.10  PSMD14
ENSG00000126218.10  F10
ENSG00000126895.12  AVPR2
ENSG00000127528.5   KLF2
ENSG00000129467.12  ADCY4
ENSG00000130304.15  SLC27A1
ENSG00000130307.10  USHBP1
ENSG00000132622.9   HSPA12B
ENSG00000135424.14  ITGA7
ENSG00000136059.13  VILL
ENSG00000136546.12  SCN7A
ENSG00000139549.2   DHH
ENSG00000144504.14  ANKMY1
ENSG00000149451.16  ADAM33
ENSG00000154263.16  ABCA10
ENSG00000154330.11  PGM5
ENSG00000159388.5   BTG2
ENSG00000161835.9   GRASP
ENSG00000162367.10  TAL1
ENSG00000162383.10  SLC1A7
ENSG00000164403.13  SHROOM1
ENSG00000164736.5   SOX17
ENSG00000164849.8   GPR146
ENSG00000165424.6   ZCCHC24
ENSG00000165810.15  BTNL9
ENSG00000166482.10  MFAP4
ENSG00000167178.14  ISLR2
ENSG00000167874.6   TMEM88
ENSG00000168497.4   CAVIN2
ENSG00000168874.11  ATOH8
ENSG00000177098.7   SCN4B
ENSG00000177133.9   LINC00982
ENSG00000177363.4   LRRN4CL
ENSG00000180660.7   MAB21L1
ENSG00000180902.15  D2HGDH
ENSG00000182481.7   KPNA2
ENSG00000184113.9   CLDN5
ENSG00000186642.14  PDE2A
ENSG00000186994.10  KANK3
ENSG00000187800.12  PEAR1
ENSG00000189129.12  PLAC9
ENSG00000189409.11  MMP23B
ENSG00000197245.4   FAM110D
ENSG00000198944.5   SOWAHA
ENSG00000199161.1   MIR126
ENSG00000204301.6   NOTCH4
ENSG00000213088.8   ACKR1
ENSG00000224032.5   EPB41L4A-AS1
ENSG00000225670.4   CADM3-AS1
ENSG00000225892.3
ENSG00000228401.4   HSPC324
ENSG00000241644.2   INMT
ENSG00000266964.4   FXYD1
ENSG00000267206.4   LCN6
ENSG00000267281.2
ENSG00000269113.3   TRABD2B
ENSG00000269936.3   MIR145
ENSG00000275152.3   CCL16
ENSG00000276409.3   CCL14
ENSG00000277494.1   GPIHBP1
ENSG00000280339.1
Dataset: tcga_brca_gex_data (974, 60483)  Mean ROC AUC (CV / Test): 0.9426 / 0.9360  Mean BCR (CV / Test): 0.8518 / 0.8516  Mean AVG PRE (CV / Test): 0.9819 / 0.9782  Mean PR AUC Test: 0.9781  Mean Features: 69
Overall Features:
                    Symbol
------------------  ------------
ENSG00000003756.15  RBM5
ENSG00000012822.14  CALCOCO1
ENSG00000017427.14  IGF1
ENSG00000039068.17  CDH1
ENSG00000053702.13  NRIP2
ENSG00000079337.14  RAPGEF3
ENSG00000090006.16  LTBP4
ENSG00000099622.12  CIRBP
ENSG00000100307.11  CBX7
ENSG00000100650.14  SRSF5
ENSG00000101331.14  CCM2L
ENSG00000105227.13  PRX
ENSG00000105373.17  NOP53
ENSG00000111077.16  TNS2
ENSG00000112936.17  C7
ENSG00000115233.10  PSMD14
ENSG00000117245.11  KIF17
ENSG00000119688.19  ABCD4
ENSG00000126218.10  F10
ENSG00000126895.12  AVPR2
ENSG00000127415.11  IDUA
ENSG00000127528.5   KLF2
ENSG00000129467.12  ADCY4
ENSG00000130304.15  SLC27A1
ENSG00000130307.10  USHBP1
ENSG00000132622.9   HSPA12B
ENSG00000135424.14  ITGA7
ENSG00000136059.13  VILL
ENSG00000136546.12  SCN7A
ENSG00000137070.16  IL11RA
ENSG00000139549.2   DHH
ENSG00000139631.17  CSAD
ENSG00000144381.15  HSPD1
ENSG00000144504.14  ANKMY1
ENSG00000146067.14  FAM193B
ENSG00000149451.16  ADAM33
ENSG00000151650.7   VENTX
ENSG00000154263.16  ABCA10
ENSG00000154330.11  PGM5
ENSG00000156298.11  TSPAN7
ENSG00000159388.5   BTG2
ENSG00000161835.9   GRASP
ENSG00000162367.10  TAL1
ENSG00000162383.10  SLC1A7
ENSG00000163093.10  BBS5
ENSG00000163239.11  TDRD10
ENSG00000164403.13  SHROOM1
ENSG00000164406.7   LEAP2
ENSG00000164736.5   SOX17
ENSG00000164849.8   GPR146
ENSG00000165424.6   ZCCHC24
ENSG00000165810.15  BTNL9
ENSG00000166482.10  MFAP4
ENSG00000167178.14  ISLR2
ENSG00000167874.6   TMEM88
ENSG00000168439.15  STIP1
ENSG00000168497.4   CAVIN2
ENSG00000168874.11  ATOH8
ENSG00000171101.12  SIGLEC17P
ENSG00000177098.7   SCN4B
ENSG00000177133.9   LINC00982
ENSG00000177363.4   LRRN4CL
ENSG00000177374.11  HIC1
ENSG00000177666.14  PNPLA2
ENSG00000179094.12  PER1
ENSG00000179388.8   EGR3
ENSG00000180660.7   MAB21L1
ENSG00000180902.15  D2HGDH
ENSG00000181234.9   TMEM132C
ENSG00000182397.13  DNM1P46
ENSG00000182481.7   KPNA2
ENSG00000184113.9   CLDN5
ENSG00000186642.14  PDE2A
ENSG00000186994.10  KANK3
ENSG00000187800.12  PEAR1
ENSG00000189129.12  PLAC9
ENSG00000189409.11  MMP23B
ENSG00000197119.11  SLC25A29
ENSG00000197245.4   FAM110D
ENSG00000198844.9   ARHGEF15
ENSG00000198944.5   SOWAHA
ENSG00000199161.1   MIR126
ENSG00000204301.6   NOTCH4
ENSG00000204403.8   CASP12
ENSG00000205959.3
ENSG00000212694.7   LINC01089
ENSG00000213088.8   ACKR1
ENSG00000213316.8   LTC4S
ENSG00000214548.13  MEG3
ENSG00000214787.7   MS4A4E
ENSG00000224032.5   EPB41L4A-AS1
ENSG00000225398.2   PGM5P4
ENSG00000225670.4   CADM3-AS1
ENSG00000225892.3
ENSG00000228401.4   HSPC324
ENSG00000235016.1   SEMA3F-AS1
ENSG00000237797.1
ENSG00000241014.1   LOC653160
ENSG00000241404.5   EGFL8
ENSG00000241644.2   INMT
ENSG00000255587.6   RAB44
ENSG00000257270.1
ENSG00000262115.1
ENSG00000266714.5   MYO15B
ENSG00000266964.4   FXYD1
ENSG00000267206.4   LCN6
ENSG00000267281.2
ENSG00000269113.3   TRABD2B
ENSG00000269936.3   MIR145
ENSG00000272161.1
ENSG00000273137.1
ENSG00000273729.1
ENSG00000275152.3   CCL16
ENSG00000276409.3   CCL14
ENSG00000277494.1   GPIHBP1
ENSG00000279716.1
ENSG00000280239.1
ENSG00000280339.1

