$ ./select_model.py \
> --train-data data/tcga_brca_gex_data.csv \
> --train-meta data/tcga_brca_gex_meta.csv \
> --pipe-steps ShiftedLog2Transformer VarianceThreshold SelectKBest-ANOVAFScorer StandardScaler SymbolicClassifier \
> --slr-skb-k 100 \
> --clf-sym-fs add,sub \
> --clf-sym-ts 5 10 25 50 100 200 400 \
> --test-folds 5 \
> --cv-folds 5 \
> --parallel-backend multiprocessing \
> --n-jobs -2 \
> --pipe-memory
GridSearchCV:
{'cv': StratifiedKFold(n_splits=5, random_state=777, shuffle=True),
 'error_score': 0,
 'estimator': {'memory': Memory(location=/tmp/tmp72st1hri/joblib),
               'steps': [('trf0',
                          FunctionTransformer(accept_sparse=False, check_inverse=False,
                    func=<function shifted_log2 at 0x7f02d3bee730>,
                    inv_kw_args=None, inverse_func=None, kw_args=None,
                    pass_y='deprecated', validate=True)),
                         ('slr1', VarianceThreshold(threshold=0.0)),
                         ('slr2',
                          SelectKBest(k=100, score_func=<function f_classif at 0x7f02d41df840>)),
                         ('trf3',
                          StandardScaler(copy=True, with_mean=True, with_std=True)),
                         ('clf4',
                          SymbolicClassifier(const_range=(-1.0, 1.0), feature_names=None,
                   function_set=['add', 'sub'], generations=20,
                   init_depth=(2, 6), init_method='half and half',
                   low_memory=False, max_samples=1.0, metric='log loss',
                   n_jobs=1, p_crossover=0.9, p_hoist_mutation=0.01,
                   p_point_mutation=0.01, p_point_replace=0.05,
                   p_subtree_mutation=0.01, parsimony_coefficient='auto',
                   population_size=1000, random_state=777,
                   stopping_criteria=0.01, tournament_size=20,
                   transformer='sigmoid', verbose=0, warm_start=False))],
               'verbose': False},
 'iid': False,
 'n_jobs': -2,
 'param_grid': [{'clf4__tournament_size': [5, 10, 25, 50, 100, 200, 400]}],
 'pre_dispatch': '2*n_jobs',
 'refit': 'roc_auc',
 'return_train_score': False,
 'scoring': ['roc_auc', 'balanced_accuracy', 'average_precision'],
 'verbose': 1}
Dataset: tcga_brca_gex_data (974, 60483)
Fitting 5 folds for each of 7 candidates, totalling 35 fits
[Parallel(n_jobs=-2)]: Using backend MultiprocessingBackend with 15 concurrent workers.
[Parallel(n_jobs=-2)]: Done  35 out of  35 | elapsed:  1.2min finished
Dataset: tcga_brca_gex_data  Split: 1  ROC AUC (CV / Test): 0.9435 / 0.9108  BCR (CV / Test): 0.8455 / 0.8677  AVG PRE (CV / Test): 0.9828 / 0.9663  PR AUC Test: 0.9661  Params: {'clf4__tournament_size': 10}  Program: add(sub(add(X3, add(add(sub(0.832, X66), X3), 0.832)), X57), 0.832)

Fitting 5 folds for each of 7 candidates, totalling 35 fits
[Parallel(n_jobs=-2)]: Using backend MultiprocessingBackend with 15 concurrent workers.
[Parallel(n_jobs=-2)]: Done  35 out of  35 | elapsed:  1.2min finished
Dataset: tcga_brca_gex_data  Split: 2  ROC AUC (CV / Test): 0.9233 / 0.9371  BCR (CV / Test): 0.8457 / 0.8306  AVG PRE (CV / Test): 0.9752 / 0.9805  PR AUC Test: 0.9804  Params: {'clf4__tournament_size': 10}  Program: add(add(sub(add(X2, 0.832), X93), sub(add(X2, 0.832), X47)), add(sub(X47, X2), sub(add(X2, 0.832), X47)))

Fitting 5 folds for each of 7 candidates, totalling 35 fits
[Parallel(n_jobs=-2)]: Using backend MultiprocessingBackend with 15 concurrent workers.
[Parallel(n_jobs=-2)]: Done  35 out of  35 | elapsed:  1.2min finished
Dataset: tcga_brca_gex_data  Split: 3  ROC AUC (CV / Test): 0.9335 / 0.9582  BCR (CV / Test): 0.8423 / 0.8964  AVG PRE (CV / Test): 0.9777 / 0.9855  PR AUC Test: 0.9854  Params: {'clf4__tournament_size': 10}  Program: add(add(add(X2, sub(sub(add(sub(0.832, X66), sub(add(X2, 0.832), X67)), X24), X4)), 0.832), 0.832)

Fitting 5 folds for each of 7 candidates, totalling 35 fits
[Parallel(n_jobs=-2)]: Using backend MultiprocessingBackend with 15 concurrent workers.
[Parallel(n_jobs=-2)]: Done  35 out of  35 | elapsed:  1.2min finished
Dataset: tcga_brca_gex_data  Split: 4  ROC AUC (CV / Test): 0.9441 / 0.8927  BCR (CV / Test): 0.8500 / 0.8115  AVG PRE (CV / Test): 0.9823 / 0.9538  PR AUC Test: 0.9534  Params: {'clf4__tournament_size': 25}  Program: add(add(X4, add(add(X4, sub(0.832, X6)), sub(0.832, X66))), add(add(sub(0.832, X66), sub(add(add(sub(0.832, X66), sub(0.832, add(sub(0.832, X66), X69))), X69), add(sub(0.832, X66), X69))), sub(0.832, sub(0.832, X66))))

Fitting 5 folds for each of 7 candidates, totalling 35 fits
[Parallel(n_jobs=-2)]: Using backend MultiprocessingBackend with 15 concurrent workers.
[Parallel(n_jobs=-2)]: Done  35 out of  35 | elapsed:  1.2min finished
Dataset: tcga_brca_gex_data  Split: 5  ROC AUC (CV / Test): 0.9308 / 0.9331  BCR (CV / Test): 0.8426 / 0.8050  AVG PRE (CV / Test): 0.9791 / 0.9813  PR AUC Test: 0.9813  Params: {'clf4__tournament_size': 5}  Program: sub(add(X3, add(add(X3, add(0.832, sub(0.832, X46))), 0.832)), X92)

Dataset: tcga_brca_gex_data (974, 60483)  Mean ROC AUC (CV / Test): 0.9350 / 0.9264  Mean BCR (CV / Test): 0.8452 / 0.8422  Mean AVG PRE (CV / Test): 0.9794 / 0.9735  Mean PR AUC Test: 0.9733 
