$ ./select_model.py \
> --train-data data/tcga_brca_gex_data.csv \
> --train-meta data/tcga_brca_gex_meta.csv \
> --pipe-steps ShiftedLog2Transformer VarianceThreshold SelectKBest-ANOVAFScorer StandardScaler SymbolicClassifier \
> --slr-skb-k 100 \
> --clf-sym-fs add,sub \
> --clf-sym-g 5 10 25 50 75 \
> --test-folds 5 \
> --cv-folds 5 \
> --parallel-backend multiprocessing \
> --n-jobs -2 \
> --pipe-memory
GridSearchCV:
{'cv': StratifiedKFold(n_splits=5, random_state=777, shuffle=True),
 'error_score': 0,
 'estimator': {'memory': Memory(location=/tmp/tmp9lbmj00q/joblib),
               'steps': [('trf0',
                          FunctionTransformer(accept_sparse=False, check_inverse=False,
                    func=<function shifted_log2 at 0x7fd93437b730>,
                    inv_kw_args=None, inverse_func=None, kw_args=None,
                    pass_y='deprecated', validate=True)),
                         ('slr1', VarianceThreshold(threshold=0.0)),
                         ('slr2',
                          SelectKBest(k=100, score_func=<function f_classif at 0x7fd93496b840>)),
                         ('trf3',
                          StandardScaler(copy=True, with_mean=True, with_std=True)),
                         ('clf4',
                          SymbolicClassifier(const_range=(-1.0, 1.0), feature_names=None,
                   function_set=['add', 'sub'], generations=20,
                   init_depth=(2, 6), init_method='half and half',
                   low_memory=False, max_samples=1.0, metric='log loss',
                   n_jobs=1, p_crossover=0.9, p_hoist_mutation=0.01,
                   p_point_mutation=0.01, p_point_replace=0.05,
                   p_subtree_mutation=0.01, parsimony_coefficient='auto',
                   population_size=1000, random_state=777,
                   stopping_criteria=0.01, tournament_size=20,
                   transformer='sigmoid', verbose=0, warm_start=False))],
               'verbose': False},
 'iid': False,
 'n_jobs': -2,
 'param_grid': [{'clf4__generations': [5, 10, 25, 50, 75]}],
 'pre_dispatch': '2*n_jobs',
 'refit': 'roc_auc',
 'return_train_score': False,
 'scoring': ['roc_auc', 'balanced_accuracy', 'average_precision'],
 'verbose': 1}
Dataset: tcga_brca_gex_data (974, 60483)
Fitting 5 folds for each of 5 candidates, totalling 25 fits
[Parallel(n_jobs=-2)]: Using backend MultiprocessingBackend with 15 concurrent workers.
[Parallel(n_jobs=-2)]: Done  22 out of  25 | elapsed:  1.9min remaining:   15.4s
[Parallel(n_jobs=-2)]: Done  25 out of  25 | elapsed:  2.9min finished
Dataset: tcga_brca_gex_data  Split: 1  ROC AUC (CV / Test): 0.9028 / 0.9315  BCR (CV / Test): 0.8015 / 0.8677  AVG PRE (CV / Test): 0.9673 / 0.9796  PR AUC Test: 0.9796  Params: {'clf4__generations': 10}  Program: add(add(0.832, sub(0.832, X66)), add(add(X3, 0.832), add(X3, sub(0.832, add(X7, X11)))))

Fitting 5 folds for each of 5 candidates, totalling 25 fits
[Parallel(n_jobs=-2)]: Using backend MultiprocessingBackend with 15 concurrent workers.
[Parallel(n_jobs=-2)]: Done  22 out of  25 | elapsed:  1.6min remaining:   13.3s
[Parallel(n_jobs=-2)]: Done  25 out of  25 | elapsed:  4.5min finished
Dataset: tcga_brca_gex_data  Split: 2  ROC AUC (CV / Test): 0.8791 / 0.9476  BCR (CV / Test): 0.7813 / 0.8746  AVG PRE (CV / Test): 0.9589 / 0.9854  PR AUC Test: 0.9853  Params: {'clf4__generations': 75}  Program: add(0.832, add(add(add(sub(0.832, X22), add(0.832, add(0.832, sub(X2, add(0.832, X2))))), add(0.832, sub(X2, add(0.832, X2)))), add(add(add(add(add(add(sub(0.832, X22), add(0.832, sub(X2, add(0.832, add(0.832, sub(sub(X2, add(0.832, sub(X2, add(0.832, sub(X2, add(0.832, sub(X2, add(0.832, X2)))))))), add(0.832, add(0.832, sub(X2, add(0.832, X2)))))))))), add(0.832, sub(X2, add(0.832, X2)))), add(0.832, sub(X2, add(0.832, X2)))), add(0.832, sub(X2, add(add(sub(X93, add(add(0.832, add(0.832, sub(X2, add(0.832, X2)))), sub(X2, add(add(sub(0.832, X22), add(0.832, sub(X2, add(0.832, sub(X2, add(0.832, sub(X2, add(0.832, X2)))))))), add(0.832, sub(X2, add(0.832, sub(X2, add(0.832, add(0.832, sub(add(sub(X2, add(0.832, X2)), add(add(add(sub(0.832, X22), add(0.832, sub(X2, add(add(sub(0.832, X22), add(add(0.832, sub(X2, add(0.832, X2))), X2)), X2)))), X2), X2)), add(0.832, add(0.832, sub(X2, add(0.832, add(0.832, sub(add(sub(X2, add(0.832, X2)), add(add(add(sub(0.832, X22), add(0.832, sub(X2, add(add(sub(0.832, X22), add(add(0.832, sub(X2, add(0.832, X2))), X2)), X2)))), add(0.832, sub(sub(X2, add(0.832, sub(X2, add(0.832, X2)))), add(0.832, add(0.832, sub(X2, add(0.832, add(0.832, sub(add(0.832, sub(add(sub(X2, add(0.832, X2)), add(add(add(sub(0.832, X22), add(0.832, sub(X2, add(add(sub(0.832, X22), add(0.832, sub(add(sub(X2, add(add(add(sub(0.832, X22), add(0.832, sub(X2, add(add(sub(0.832, X22), add(add(0.832, sub(X2, add(0.832, X2))), X2)), X2)))), X2), X2)), add(0.832, sub(X2, add(0.832, sub(X2, add(0.832, X2)))))), 0.832))), X2)))), X2), X2)), add(0.832, add(0.832, sub(X2, add(0.832, X2)))))), 0.832))))))))), X2)), add(0.832, add(0.832, sub(X2, add(0.832, X2))))))))))))))))))))), add(0.832, sub(X63, X85))), X2)))), X2), X2)))

Fitting 5 folds for each of 5 candidates, totalling 25 fits
[Parallel(n_jobs=-2)]: Using backend MultiprocessingBackend with 15 concurrent workers.
[Parallel(n_jobs=-2)]: Done  22 out of  25 | elapsed:  1.7min remaining:   14.1s
[Parallel(n_jobs=-2)]: Done  25 out of  25 | elapsed: 11.0min finished
Dataset: tcga_brca_gex_data  Split: 3  ROC AUC (CV / Test): 0.9336 / 0.9245  BCR (CV / Test): 0.8406 / 0.8399  AVG PRE (CV / Test): 0.9781 / 0.9601  PR AUC Test: 0.9585  Params: {'clf4__generations': 50}  Program: sub(add(add(sub(add(add(add(add(sub(X2, add(0.832, add(sub(0.832, 0.832), sub(X2, add(X2, 0.832))))), add(sub(0.832, X66), sub(0.832, X37))), add(X2, X58)), sub(0.832, 0.832)), 0.832), X55), sub(0.832, 0.832)), 0.832), X18)

Fitting 5 folds for each of 5 candidates, totalling 25 fits
[Parallel(n_jobs=-2)]: Using backend MultiprocessingBackend with 15 concurrent workers.
[Parallel(n_jobs=-2)]: Done  22 out of  25 | elapsed:  2.1min remaining:   17.2s
[Parallel(n_jobs=-2)]: Done  25 out of  25 | elapsed:  4.6min finished
Dataset: tcga_brca_gex_data  Split: 4  ROC AUC (CV / Test): 0.9428 / 0.9008  BCR (CV / Test): 0.8400 / 0.8055  AVG PRE (CV / Test): 0.9804 / 0.9652  PR AUC Test: 0.9650  Params: {'clf4__generations': 75}  Program: sub(add(sub(sub(X0, 0.832), 0.832), add(sub(add(sub(sub(X0, 0.832), sub(sub(X0, 0.832), sub(add(sub(sub(X0, 0.832), 0.832), sub(sub(X0, 0.832), sub(sub(X0, 0.832), sub(0.832, sub(add(X4, sub(0.832, X18)), add(add(add(add(sub(add(X4, sub(add(sub(sub(X0, 0.832), X66), sub(sub(sub(X0, 0.832), sub(X0, sub(add(sub(sub(X0, 0.832), 0.832), sub(sub(X0, 0.832), sub(sub(X0, 0.832), sub(0.832, sub(sub(sub(X0, 0.832), 0.832), sub(add(sub(X0, 0.832), add(X4, sub(0.832, X18))), sub(X0, 0.832))))))), sub(X0, 0.832)))), sub(sub(X0, 0.832), sub(sub(X0, 0.832), sub(add(sub(sub(X0, 0.832), 0.832), sub(sub(X0, 0.832), sub(sub(X0, 0.832), sub(0.832, sub(add(X4, sub(0.832, X18)), add(add(add(add(sub(add(X4, sub(add(sub(sub(X0, 0.832), X66), sub(sub(sub(X0, 0.832), sub(X0, sub(add(sub(sub(X0, 0.832), 0.832), sub(sub(X0, 0.832), sub(sub(X0, 0.832), sub(0.832, sub(add(X4, sub(0.832, X18)), add(add(add(add(sub(add(X4, sub(add(sub(sub(X0, 0.832), X66), sub(sub(sub(X0, 0.832), sub(sub(X0, 0.832), sub(add(sub(sub(X0, 0.832), 0.832), sub(sub(X0, 0.832), sub(sub(X0, 0.832), sub(0.832, sub(sub(0.832, 0.832), sub(add(sub(sub(X0, 0.832), 0.832), add(X4, sub(0.832, X18))), sub(X0, 0.832))))))), sub(X0, 0.832)))), sub(sub(add(sub(sub(X0, 0.832), 0.832), sub(sub(X0, 0.832), sub(sub(0.832, 0.832), sub(0.832, sub(add(X4, sub(0.832, X18)), add(add(add(add(sub(add(X4, sub(add(sub(sub(X0, 0.832), X66), sub(sub(sub(X0, 0.832), sub(sub(X0, 0.832), sub(sub(X0, 0.832), sub(sub(X0, 0.832), sub(add(sub(sub(X0, 0.832), 0.832), sub(sub(X0, 0.832), sub(sub(X0, 0.832), sub(0.832, sub(add(X4, sub(0.832, X18)), add(add(add(add(sub(add(X4, sub(add(sub(sub(sub(X0, 0.832), sub(sub(X0, 0.832), sub(add(sub(sub(X0, 0.832), 0.832), sub(sub(X0, 0.832), sub(sub(X0, 0.832), sub(0.832, sub(add(X4, sub(0.832, X18)), add(add(add(add(sub(add(X4, sub(add(sub(sub(X0, 0.832), X66), sub(sub(sub(X0, 0.832), sub(sub(X0, 0.832), sub(add(sub(sub(X0, 0.832), 0.832), sub(sub(X0, 0.832), sub(sub(X0, 0.832), sub(0.832, sub(sub(0.832, 0.832), add(X4, sub(add(sub(sub(X0, 0.832), X66), sub(sub(sub(X0, 0.832), sub(sub(X0, 0.832), sub(add(sub(sub(X0, 0.832), 0.832), sub(sub(X0, 0.832), sub(sub(0.832, sub(sub(0.832, 0.832), add(X4, sub(add(sub(sub(X0, 0.832), X66), sub(sub(sub(X0, 0.832), sub(sub(X0, 0.832), sub(add(sub(sub(X0, 0.832), 0.832), sub(sub(X0, 0.832), sub(sub(X0, 0.832), sub(0.832, sub(sub(0.832, 0.832), sub(add(sub(sub(X0, 0.832), 0.832), add(X4, sub(0.832, X18))), sub(X0, 0.832))))))), sub(X0, 0.832)))), sub(add(X4, sub(0.832, X66)), 0.832))), sub(X0, 0.832))))), sub(0.832, sub(sub(0.832, 0.832), sub(add(sub(sub(X0, 0.832), 0.832), add(X4, sub(0.832, X18))), sub(X0, 0.832))))))), sub(X0, 0.832)))), sub(add(X4, sub(0.832, X66)), 0.832))), sub(X0, 0.832)))))))), sub(X0, 0.832)))), sub(add(X4, sub(0.832, X66)), 0.832))), sub(X0, 0.832))), sub(0.832, X18)), X4), sub(0.832, X18)), 0.832), sub(0.832, sub(sub(add(sub(sub(X0, 0.832), 0.832), sub(sub(X0, 0.832), sub(sub(X0, 0.832), sub(0.832, sub(add(X4, sub(0.832, X18)), add(add(add(add(sub(add(X4, sub(add(sub(sub(X0, 0.832), X66), sub(sub(sub(X0, 0.832), sub(sub(X0, 0.832), sub(add(sub(sub(X0, 0.832), sub(sub(X0, 0.832), sub(0.832, sub(sub(0.832, 0.832), sub(add(add(sub(sub(X0, 0.832), X66), sub(sub(sub(X0, 0.832), sub(sub(X0, 0.832), sub(add(sub(sub(X0, 0.832), 0.832), sub(sub(X0, 0.832), sub(sub(X0, 0.832), sub(0.832, sub(sub(0.832, 0.832), sub(sub(X0, 0.832), sub(sub(X0, 0.832), sub(0.832, sub(sub(0.832, 0.832), sub(add(sub(sub(X0, 0.832), 0.832), sub(sub(X0, 0.832), sub(sub(X0, 0.832), sub(add(sub(sub(X0, 0.832), 0.832), sub(sub(X0, 0.832), sub(sub(X0, 0.832), sub(0.832, sub(sub(0.832, X66), add(X4, sub(0.832, X66))))))), sub(X0, 0.832))))), sub(X0, 0.832))))))))))), sub(X0, 0.832)))), sub(add(X4, sub(0.832, X66)), 0.832))), add(X4, sub(0.832, X18))), sub(X0, 0.832)))))), sub(sub(X0, 0.832), sub(sub(X0, 0.832), sub(0.832, sub(sub(0.832, 0.832), sub(add(sub(sub(X0, 0.832), 0.832), add(X4, sub(0.832, X18))), sub(X0, 0.832))))))), sub(X0, 0.832)))), sub(add(X4, sub(0.832, X66)), 0.832))), sub(X0, 0.832))), sub(0.832, X18)), X4), sub(0.832, X18)), 0.832), sub(X0, 0.832))))))), sub(X0, 0.832)), add(add(add(add(sub(add(X4, sub(add(sub(sub(X0, 0.832), X66), sub(sub(sub(X0, 0.832), sub(sub(X0, 0.832), sub(add(sub(sub(X0, 0.832), 0.832), sub(sub(X0, 0.832), sub(sub(X0, 0.832), sub(0.832, sub(sub(0.832, 0.832), sub(add(sub(sub(X0, 0.832), 0.832), add(X4, sub(0.832, X18))), sub(X0, 0.832))))))), sub(X0, 0.832)))), sub(add(X4, sub(0.832, X66)), 0.832))), sub(X0, 0.832))), sub(0.832, X18)), X4), sub(0.832, X18)), 0.832), sub(0.832, X18)))))))))), sub(X0, 0.832)))), X66), sub(sub(sub(X0, 0.832), sub(sub(X0, 0.832), sub(add(sub(sub(X0, 0.832), 0.832), sub(sub(X0, 0.832), sub(sub(X0, 0.832), sub(0.832, sub(sub(0.832, 0.832), sub(add(sub(sub(X0, 0.832), 0.832), add(X4, sub(0.832, X18))), sub(X0, 0.832))))))), sub(X0, 0.832)))), sub(add(X4, sub(0.832, X66)), 0.832))), sub(X0, 0.832))), sub(0.832, X18)), X4), sub(0.832, X18)), 0.832), sub(0.832, X18))))))), sub(X0, 0.832)))))), sub(add(X4, sub(0.832, X66)), 0.832))), sub(X0, 0.832))), sub(0.832, X18)), X4), sub(0.832, X18)), 0.832), sub(0.832, X18))))))), sub(X0, 0.832)), 0.832))), sub(X0, 0.832))), sub(0.832, X18)), X4), sub(0.832, X18)), 0.832), sub(0.832, X18))))))), sub(X0, 0.832)))), sub(add(X4, sub(0.832, X66)), 0.832))), sub(X0, 0.832))), sub(0.832, X18)), X4), sub(0.832, X18)), 0.832), sub(0.832, X18))))))), sub(X0, 0.832)))))), sub(X0, 0.832))), sub(0.832, X18)), X4), sub(0.832, X18)), 0.832), sub(0.832, X18))))))), sub(X0, 0.832)))), add(X4, 0.832)), sub(X0, 0.832)), 0.832)), sub(X0, 0.832))

Fitting 5 folds for each of 5 candidates, totalling 25 fits
[Parallel(n_jobs=-2)]: Using backend MultiprocessingBackend with 15 concurrent workers.
[Parallel(n_jobs=-2)]: Done  22 out of  25 | elapsed:  2.2min remaining:   18.2s
[Parallel(n_jobs=-2)]: Done  25 out of  25 | elapsed:  2.7min finished
Dataset: tcga_brca_gex_data  Split: 5  ROC AUC (CV / Test): 0.9360 / 0.9425  BCR (CV / Test): 0.8437 / 0.8463  AVG PRE (CV / Test): 0.9808 / 0.9830  PR AUC Test: 0.9829  Params: {'clf4__generations': 50}  Program: add(add(add(add(add(add(add(add(add(add(add(add(add(add(X3, add(add(0.832, add(X3, add(add(X3, sub(sub(add(add(X3, add(add(X3, sub(sub(0.832, add(add(X3, add(add(X3, sub(sub(0.832, add(X3, add(add(X3, add(add(add(X3, add(add(X3, sub(sub(0.832, add(add(X3, add(add(X3, sub(sub(0.832, add(X3, add(add(X3, add(add(add(X3, add(add(X3, add(add(X3, sub(sub(0.832, add(add(X3, add(add(X3, sub(sub(0.832, add(X3, 0.832)), X54)), sub(0.832, sub(X3, X3)))), 0.832)), X54)), sub(0.832, sub(X3, X3)))), sub(0.832, X3))), sub(sub(0.832, add(X3, add(add(0.832, add(X3, add(add(add(X3, sub(sub(0.832, add(X3, 0.832)), X54)), sub(0.832, sub(X3, X3))), sub(0.832, 0.832)))), sub(0.832, add(X3, 0.832))))), X54)), sub(0.832, sub(X3, X3)))), sub(0.832, X3)))), X54)), sub(0.832, sub(X3, X3)))), 0.832)), X54)), sub(0.832, X3))), sub(sub(0.832, add(X3, add(add(0.832, add(X3, add(add(add(X3, sub(sub(0.832, add(X3, 0.832)), X54)), sub(0.832, sub(X3, X3))), sub(0.832, 0.832)))), sub(0.832, add(X3, 0.832))))), X54)), sub(0.832, sub(X3, X3)))), sub(0.832, X3)))), X54)), sub(0.832, sub(X3, X3)))), 0.832)), X54)), sub(0.832, sub(X3, X3)))), sub(0.832, X3)), add(X3, add(add(X3, add(add(X3, sub(sub(0.832, add(add(X3, 0.832), add(add(0.832, add(X3, add(add(X3, sub(sub(sub(0.832, sub(X3, X3)), add(X3, 0.832)), X54)), sub(0.832, 0.832)))), sub(0.832, add(X3, 0.832))))), X54)), sub(0.832, sub(X3, X3)))), sub(0.832, X3)))), X54)), sub(0.832, 0.832)))), sub(0.832, add(X3, 0.832)))), add(X3, sub(sub(0.832, add(X3, add(add(X3, add(add(add(X3, add(0.832, add(X3, sub(0.832, add(X3, add(add(X3, add(add(X3, sub(sub(0.832, add(add(X3, add(add(X3, sub(sub(0.832, add(X3, 0.832)), X54)), sub(0.832, sub(0.832, sub(X3, X3))))), add(add(X3, add(add(X3, sub(sub(0.832, add(add(X3, add(add(X3, sub(sub(0.832, add(X3, 0.832)), X54)), sub(0.832, sub(X3, X3)))), 0.832)), X54)), sub(0.832, sub(X3, X3)))), sub(0.832, X3)))), X54)), sub(0.832, sub(X3, X3)))), sub(0.832, X3))))))), sub(sub(0.832, add(X3, add(add(0.832, add(X3, add(add(X3, sub(sub(0.832, add(add(X3, sub(sub(0.832, add(add(X3, add(add(X3, sub(sub(0.832, add(X3, 0.832)), X54)), sub(0.832, sub(X3, X3)))), add(add(X3, add(add(X3, sub(sub(0.832, add(add(X3, add(add(X3, sub(sub(0.832, add(X3, 0.832)), X54)), sub(0.832, sub(X3, X3)))), 0.832)), X54)), sub(0.832, sub(0.832, sub(X3, X3))))), sub(0.832, X3)))), X54)), sub(0.832, sub(X3, X3)))), X54)), sub(0.832, 0.832)))), sub(0.832, add(X3, 0.832))))), X54)), sub(0.832, sub(X3, X3)))), sub(0.832, X3)))), X10))), 0.832), add(X3, sub(0.832, add(X3, add(add(X3, add(add(add(X3, sub(sub(0.832, add(X3, 0.832)), X54)), sub(0.832, sub(0.832, X83))), 0.832)), sub(sub(X3, X3), X3)))))), add(add(X3, sub(sub(0.832, add(X3, 0.832)), X54)), sub(0.832, sub(0.832, X54)))), add(sub(0.832, add(X3, 0.832)), add(add(X3, sub(add(0.832, add(X3, add(add(X3, sub(0.832, add(X3, 0.832))), sub(0.832, add(add(X3, add(add(X3, sub(sub(0.832, add(X3, 0.832)), X54)), sub(0.832, sub(X3, X3)))), 0.832))))), X54)), sub(0.832, 0.832)))), 0.832), 0.832), add(X3, sub(0.832, add(X3, add(add(X3, add(sub(0.832, X10), sub(0.832, sub(X3, X3)))), sub(0.832, X3)))))), add(add(add(X3, sub(0.832, X10)), sub(sub(0.832, add(X3, 0.832)), X54)), sub(0.832, sub(0.832, X54)))), add(sub(0.832, add(X3, 0.832)), add(add(X3, sub(add(0.832, add(X3, add(add(X3, sub(sub(0.832, add(X3, 0.832)), X54)), sub(0.832, add(add(X3, add(X3, sub(sub(0.832, X3), X54))), 0.832))))), X54)), sub(0.832, 0.832)))), 0.832), 0.832), add(X3, sub(0.832, add(X3, add(sub(0.832, X10), add(add(add(X3, add(add(X3, add(X3, X98)), sub(0.832, X3))), sub(sub(0.832, add(X3, add(add(0.832, add(X3, add(add(X3, sub(sub(0.832, add(add(X3, sub(sub(0.832, add(add(X3, add(add(X3, sub(sub(0.832, add(X3, 0.832)), X54)), sub(0.832, sub(X3, X3)))), add(add(X3, add(add(X3, sub(sub(0.832, add(add(X3, add(add(X3, sub(sub(add(add(X3, add(add(X3, sub(sub(0.832, add(add(X3, add(add(X3, sub(sub(0.832, add(X3, add(add(X3, add(add(add(X3, add(add(X3, add(add(X3, sub(sub(0.832, add(add(X3, add(add(X3, sub(sub(0.832, add(X3, 0.832)), X54)), sub(0.832, sub(X3, X3)))), 0.832)), X54)), sub(0.832, sub(X3, X3)))), sub(0.832, X3))), sub(sub(0.832, add(X3, add(add(0.832, add(X3, add(add(add(X3, sub(sub(0.832, add(X3, 0.832)), X54)), sub(0.832, sub(X3, X3))), sub(sub(0.832, add(add(X3, add(add(X3, sub(sub(0.832, add(X3, 0.832)), X54)), sub(0.832, sub(X3, X3)))), 0.832)), X54)))), sub(0.832, add(X3, 0.832))))), X54)), sub(0.832, sub(X3, X3)))), sub(0.832, X3)))), X54)), sub(0.832, sub(X3, X3)))), 0.832)), X54)), sub(0.832, sub(X3, X3)))), sub(0.832, X3)), add(X3, add(add(X3, add(add(X3, sub(sub(0.832, add(add(X3, 0.832), add(add(0.832, sub(add(0.832, add(X3, sub(0.832, add(X3, add(add(X3, add(add(X3, sub(sub(0.832, add(add(X3, add(sub(sub(0.832, add(X3, 0.832)), X54), sub(0.832, sub(0.832, sub(X3, X3))))), add(add(X3, add(add(X3, sub(sub(0.832, add(add(X3, add(add(X3, sub(sub(0.832, add(X3, 0.832)), X54)), sub(0.832, sub(X3, X3)))), 0.832)), X54)), sub(0.832, sub(0.832, sub(X3, X3))))), sub(0.832, X3)))), X54)), sub(0.832, sub(X3, X3)))), sub(0.832, X3)))))), X54)), sub(0.832, add(X3, 0.832))))), X54)), sub(0.832, sub(X3, X3)))), sub(0.832, X3)))), X54)), sub(0.832, 0.832))), 0.832)), X54)), sub(0.832, sub(X3, X3)))), sub(0.832, X3)))), X54)), sub(0.832, sub(X3, X3)))), X54)), sub(0.832, 0.832)))), sub(0.832, add(X3, 0.832))))), X54)), sub(0.832, sub(X3, X3))))))))

Dataset: tcga_brca_gex_data (974, 60483)  Mean ROC AUC (CV / Test): 0.9188 / 0.9294  Mean BCR (CV / Test): 0.8214 / 0.8468  Mean AVG PRE (CV / Test): 0.9731 / 0.9747  Mean PR AUC Test: 0.9743 

