$ ./select_model.py \
> --train-data data/tcga_brca_gex_data.csv \
> --train-meta data/tcga_brca_gex_meta.csv \
> --pipe-steps ShiftedLog2Transformer VarianceThreshold SelectKBest-ANOVAFScorer StandardScaler SymbolicClassifier \
> --slr-skb-k 100 \
> --clf-sym-fs add,sub \
> --clf-sym-ps 100 250 500 750 1000 2500 5000 \
> --test-folds 5 \
> --cv-folds 5 \
> --parallel-backend multiprocessing \
> --n-jobs -2 \
> --pipe-memory
GridSearchCV:
{'cv': StratifiedKFold(n_splits=5, random_state=777, shuffle=True),
 'error_score': 0,
 'estimator': {'memory': Memory(location=/tmp/tmph_pyq3q5/joblib),
               'steps': [('trf0',
                          FunctionTransformer(accept_sparse=False, check_inverse=False,
                    func=<function shifted_log2 at 0x7f1536875730>,
                    inv_kw_args=None, inverse_func=None, kw_args=None,
                    pass_y='deprecated', validate=True)),
                         ('slr1', VarianceThreshold(threshold=0.0)),
                         ('slr2',
                          SelectKBest(k=100, score_func=<function f_classif at 0x7f1536e66840>)),
                         ('trf3',
                          StandardScaler(copy=True, with_mean=True, with_std=True)),
                         ('clf4',
                          SymbolicClassifier(const_range=(-1.0, 1.0), feature_names=None,
                   function_set=['add', 'sub'], generations=20,
                   init_depth=(2, 6), init_method='half and half',
                   low_memory=False, max_samples=1.0, metric='log loss',
                   n_jobs=1, p_crossover=0.9, p_hoist_mutation=0.01,
                   p_point_mutation=0.01, p_point_replace=0.05,
                   p_subtree_mutation=0.01, parsimony_coefficient='auto',
                   population_size=1000, random_state=777,
                   stopping_criteria=0.01, tournament_size=20,
                   transformer='sigmoid', verbose=0, warm_start=False))],
               'verbose': False},
 'iid': False,
 'n_jobs': -2,
 'param_grid': [{'clf4__population_size': [100,
                                           250,
                                           500,
                                           750,
                                           1000,
                                           2500,
                                           5000]}],
 'pre_dispatch': '2*n_jobs',
 'refit': 'roc_auc',
 'return_train_score': False,
 'scoring': ['roc_auc', 'balanced_accuracy', 'average_precision'],
 'verbose': 1}
Dataset: tcga_brca_gex_data (974, 60483)
Fitting 5 folds for each of 7 candidates, totalling 35 fits
[Parallel(n_jobs=-2)]: Using backend MultiprocessingBackend with 15 concurrent workers.
[Parallel(n_jobs=-2)]: Done  35 out of  35 | elapsed:  1.7min finished
Dataset: tcga_brca_gex_data  Split: 1  ROC AUC (CV / Test): 0.9414 / 0.9397  BCR (CV / Test): 0.8507 / 0.8587  AVG PRE (CV / Test): 0.9802 / 0.9817  PR AUC Test: 0.9817  Params: {'clf4__population_size': 2500}  Program: add(0.832, add(add(sub(0.832, X66), add(add(sub(0.939, sub(add(add(0.702, add(sub(0.832, X66), X3)), X3), X18)), X3), X3)), add(add(sub(X3, X42), add(sub(0.832, X66), X3)), sub(0.702, X18))))

Fitting 5 folds for each of 7 candidates, totalling 35 fits
[Parallel(n_jobs=-2)]: Using backend MultiprocessingBackend with 15 concurrent workers.
[Parallel(n_jobs=-2)]: Done  35 out of  35 | elapsed:  1.7min finished
Dataset: tcga_brca_gex_data  Split: 2  ROC AUC (CV / Test): 0.9276 / 0.9213  BCR (CV / Test): 0.8529 / 0.8181  AVG PRE (CV / Test): 0.9776 / 0.9767  PR AUC Test: 0.9766  Params: {'clf4__population_size': 2500}  Program: add(add(add(X2, add(add(sub(X2, X71), 0.702), 0.939)), sub(0.939, add(add(add(add(X2, sub(0.702, X18)), sub(0.939, sub(0.702, X18))), sub(add(add(X2, 0.939), sub(0.702, X18)), add(0.832, add(sub(0.702, X18), X2)))), sub(0.702, X18)))), sub(add(add(sub(0.702, X18), X2), 0.939), X89))

Fitting 5 folds for each of 7 candidates, totalling 35 fits
[Parallel(n_jobs=-2)]: Using backend MultiprocessingBackend with 15 concurrent workers.
[Parallel(n_jobs=-2)]: Done  35 out of  35 | elapsed:  1.7min finished
Dataset: tcga_brca_gex_data  Split: 3  ROC AUC (CV / Test): 0.9178 / 0.9510  BCR (CV / Test): 0.8204 / 0.8746  AVG PRE (CV / Test): 0.9719 / 0.9847  PR AUC Test: 0.9846  Params: {'clf4__population_size': 2500}  Program: add(add(X2, add(X2, add(sub(add(X2, add(add(sub(0.939, add(add(X2, add(X2, add(sub(0.939, add(X2, add(X2, 0.939))), 0.939))), add(X2, 0.939))), 0.939), 0.939)), add(X2, 0.939)), 0.939))), add(sub(add(X2, 0.939), X24), sub(0.939, X4)))

Fitting 5 folds for each of 7 candidates, totalling 35 fits
[Parallel(n_jobs=-2)]: Using backend MultiprocessingBackend with 15 concurrent workers.
[Parallel(n_jobs=-2)]: Done  35 out of  35 | elapsed:  1.8min finished
Dataset: tcga_brca_gex_data  Split: 4  ROC AUC (CV / Test): 0.9409 / 0.9102  BCR (CV / Test): 0.8580 / 0.8088  AVG PRE (CV / Test): 0.9830 / 0.9720  PR AUC Test: 0.9719  Params: {'clf4__population_size': 5000}  Program: add(add(add(add(0.685, X4), 0.661), X15), add(add(add(0.685, X4), add(add(0.685, X4), sub(0.661, add(0.685, add(0.685, X4))))), add(add(add(add(0.685, sub(add(0.685, X4), X63)), sub(0.661, add(0.685, add(add(0.874, X4), sub(X51, X70))))), sub(X51, X70)), add(sub(add(0.685, X4), add(0.685, X4)), sub(0.661, X69)))))

Fitting 5 folds for each of 7 candidates, totalling 35 fits
[Parallel(n_jobs=-2)]: Using backend MultiprocessingBackend with 15 concurrent workers.
[Parallel(n_jobs=-2)]: Done  35 out of  35 | elapsed:  1.7min finished
Dataset: tcga_brca_gex_data  Split: 5  ROC AUC (CV / Test): 0.9410 / 0.9334  BCR (CV / Test): 0.8525 / 0.8273  AVG PRE (CV / Test): 0.9822 / 0.9803  PR AUC Test: 0.9802  Params: {'clf4__population_size': 2500}  Program: add(sub(add(sub(X3, X59), 0.929), X83), sub(add(X17, 0.929), sub(X17, add(add(sub(sub(sub(add(X17, 0.929), X78), sub(X17, add(add(X17, 0.929), X3))), sub(sub(add(X17, 0.929), sub(X17, add(sub(X17, add(add(X17, 0.929), X3)), X3))), sub(X17, add(add(X17, 0.929), X3)))), 0.929), X3))))

Dataset: tcga_brca_gex_data (974, 60483)  Mean ROC AUC (CV / Test): 0.9337 / 0.9311  Mean BCR (CV / Test): 0.8469 / 0.8375  Mean AVG PRE (CV / Test): 0.9790 / 0.9791  Mean PR AUC Test: 0.9790 
